Analysis & Elaboration report for EN2111_lab4
Thu Jun  1 11:15:45 2023
Quartus Prime Version 22.1std.1 Build 917 02/14/2023 SC Lite Edition


---------------------
; Table of Contents ;
---------------------
  1. Legal Notice
  2. Analysis & Elaboration Summary
  3. Parallel Compilation
  4. Parameter Settings for User Entity Instance: Top-level Entity: |UART_RX_TB
  5. Parameter Settings for User Entity Instance: UART_RX:UART_RX_INST
  6. Analysis & Elaboration Settings
  7. Port Connectivity Checks: "UART_RX:UART_RX_INST"
  8. Analysis & Elaboration Messages



----------------
; Legal Notice ;
----------------
Copyright (C) 2023  Intel Corporation. All rights reserved.
Your use of Intel Corporation's design tools, logic functions 
and other software and tools, and any partner logic 
functions, and any output files from any of the foregoing 
(including device programming or simulation files), and any 
associated documentation or information are expressly subject 
to the terms and conditions of the Intel Program License 
Subscription Agreement, the Intel Quartus Prime License Agreement,
the Intel FPGA IP License Agreement, or other applicable license
agreement, including, without limitation, that your use is for
the sole purpose of programming logic devices manufactured by
Intel and sold by Intel or its authorized distributors.  Please
refer to the applicable agreement for further details, at
https://fpgasoftware.intel.com/eula.



+-------------------------------------------------------------------------------------+
; Analysis & Elaboration Summary                                                      ;
+------------------------------------+------------------------------------------------+
; Analysis & Elaboration Status      ; Successful - Thu Jun  1 11:15:45 2023          ;
; Quartus Prime Version              ; 22.1std.1 Build 917 02/14/2023 SC Lite Edition ;
; Revision Name                      ; EN2111_lab4                                    ;
; Top-level Entity Name              ; UART_RX_TB                                     ;
; Family                             ; Cyclone IV E                                   ;
; Total logic elements               ; N/A until Partition Merge                      ;
;     Total combinational functions  ; N/A until Partition Merge                      ;
;     Dedicated logic registers      ; N/A until Partition Merge                      ;
; Total registers                    ; N/A until Partition Merge                      ;
; Total pins                         ; N/A until Partition Merge                      ;
; Total virtual pins                 ; N/A until Partition Merge                      ;
; Total memory bits                  ; N/A until Partition Merge                      ;
; Embedded Multiplier 9-bit elements ; N/A until Partition Merge                      ;
; Total PLLs                         ; N/A until Partition Merge                      ;
+------------------------------------+------------------------------------------------+


+------------------------------------------+
; Parallel Compilation                     ;
+----------------------------+-------------+
; Processors                 ; Number      ;
+----------------------------+-------------+
; Number detected on machine ; 16          ;
; Maximum allowed            ; 16          ;
;                            ;             ;
; Average used               ; 1.00        ;
; Maximum used               ; 1           ;
;                            ;             ;
; Usage by Processor         ; % Time Used ;
;     Processor 1            ; 100.0%      ;
+----------------------------+-------------+


+----------------------------------------------------------------------------+
; Parameter Settings for User Entity Instance: Top-level Entity: |UART_RX_TB ;
+-------------------+-------+------------------------------------------------+
; Parameter Name    ; Value ; Type                                           ;
+-------------------+-------+------------------------------------------------+
; c_CLOCK_PERIOD_NS ; 40    ; Signed Integer                                 ;
; c_CLKS_PER_BIT    ; 217   ; Signed Integer                                 ;
; c_BIT_PERIOD      ; 8600  ; Signed Integer                                 ;
+-------------------+-------+------------------------------------------------+
Note: In order to hide this table in the UI and the text report file, please set the "Show Parameter Settings in Synthesis Report" option in "Analysis and Synthesis Settings -> More Settings" to "Off".


+-------------------------------------------------------------------+
; Parameter Settings for User Entity Instance: UART_RX:UART_RX_INST ;
+----------------+-------+------------------------------------------+
; Parameter Name ; Value ; Type                                     ;
+----------------+-------+------------------------------------------+
; CLKS_PER_BIT   ; 217   ; Signed Integer                           ;
+----------------+-------+------------------------------------------+
Note: In order to hide this table in the UI and the text report file, please set the "Show Parameter Settings in Synthesis Report" option in "Analysis and Synthesis Settings -> More Settings" to "Off".


+------------------------------------------------------------------------------------------------------------+
; Analysis & Elaboration Settings                                                                            ;
+------------------------------------------------------------------+--------------------+--------------------+
; Option                                                           ; Setting            ; Default Value      ;
+------------------------------------------------------------------+--------------------+--------------------+
; Device                                                           ; EP4CE22F17C6       ;                    ;
; Top-level entity name                                            ; UART_RX_TB         ; EN2111_lab4        ;
; Family name                                                      ; Cyclone IV E       ; Cyclone V          ;
; Use smart compilation                                            ; Off                ; Off                ;
; Enable parallel Assembler and Timing Analyzer during compilation ; On                 ; On                 ;
; Enable compact report table                                      ; Off                ; Off                ;
; Restructure Multiplexers                                         ; Auto               ; Auto               ;
; Create Debugging Nodes for IP Cores                              ; Off                ; Off                ;
; Preserve fewer node names                                        ; On                 ; On                 ;
; Intel FPGA IP Evaluation Mode                                    ; Enable             ; Enable             ;
; Verilog Version                                                  ; Verilog_2001       ; Verilog_2001       ;
; VHDL Version                                                     ; VHDL_1993          ; VHDL_1993          ;
; State Machine Processing                                         ; Auto               ; Auto               ;
; Safe State Machine                                               ; Off                ; Off                ;
; Extract Verilog State Machines                                   ; On                 ; On                 ;
; Extract VHDL State Machines                                      ; On                 ; On                 ;
; Ignore Verilog initial constructs                                ; Off                ; Off                ;
; Iteration limit for constant Verilog loops                       ; 5000               ; 5000               ;
; Iteration limit for non-constant Verilog loops                   ; 250                ; 250                ;
; Add Pass-Through Logic to Inferred RAMs                          ; On                 ; On                 ;
; Infer RAMs from Raw Logic                                        ; On                 ; On                 ;
; Parallel Synthesis                                               ; On                 ; On                 ;
; DSP Block Balancing                                              ; Auto               ; Auto               ;
; NOT Gate Push-Back                                               ; On                 ; On                 ;
; Power-Up Don't Care                                              ; On                 ; On                 ;
; Remove Redundant Logic Cells                                     ; Off                ; Off                ;
; Remove Duplicate Registers                                       ; On                 ; On                 ;
; Ignore CARRY Buffers                                             ; Off                ; Off                ;
; Ignore CASCADE Buffers                                           ; Off                ; Off                ;
; Ignore GLOBAL Buffers                                            ; Off                ; Off                ;
; Ignore ROW GLOBAL Buffers                                        ; Off                ; Off                ;
; Ignore LCELL Buffers                                             ; Off                ; Off                ;
; Ignore SOFT Buffers                                              ; On                 ; On                 ;
; Limit AHDL Integers to 32 Bits                                   ; Off                ; Off                ;
; Optimization Technique                                           ; Balanced           ; Balanced           ;
; Carry Chain Length                                               ; 70                 ; 70                 ;
; Auto Carry Chains                                                ; On                 ; On                 ;
; Auto Open-Drain Pins                                             ; On                 ; On                 ;
; Perform WYSIWYG Primitive Resynthesis                            ; Off                ; Off                ;
; Auto ROM Replacement                                             ; On                 ; On                 ;
; Auto RAM Replacement                                             ; On                 ; On                 ;
; Auto DSP Block Replacement                                       ; On                 ; On                 ;
; Auto Shift Register Replacement                                  ; Auto               ; Auto               ;
; Allow Shift Register Merging across Hierarchies                  ; Auto               ; Auto               ;
; Auto Clock Enable Replacement                                    ; On                 ; On                 ;
; Strict RAM Replacement                                           ; Off                ; Off                ;
; Allow Synchronous Control Signals                                ; On                 ; On                 ;
; Force Use of Synchronous Clear Signals                           ; Off                ; Off                ;
; Auto RAM Block Balancing                                         ; On                 ; On                 ;
; Auto RAM to Logic Cell Conversion                                ; Off                ; Off                ;
; Auto Resource Sharing                                            ; Off                ; Off                ;
; Allow Any RAM Size For Recognition                               ; Off                ; Off                ;
; Allow Any ROM Size For Recognition                               ; Off                ; Off                ;
; Allow Any Shift Register Size For Recognition                    ; Off                ; Off                ;
; Use LogicLock Constraints during Resource Balancing              ; On                 ; On                 ;
; Ignore translate_off and synthesis_off directives                ; Off                ; Off                ;
; Timing-Driven Synthesis                                          ; On                 ; On                 ;
; Report Parameter Settings                                        ; On                 ; On                 ;
; Report Source Assignments                                        ; On                 ; On                 ;
; Report Connectivity Checks                                       ; On                 ; On                 ;
; Ignore Maximum Fan-Out Assignments                               ; Off                ; Off                ;
; Synchronization Register Chain Length                            ; 2                  ; 2                  ;
; Power Optimization During Synthesis                              ; Normal compilation ; Normal compilation ;
; HDL message level                                                ; Level2             ; Level2             ;
; Suppress Register Optimization Related Messages                  ; Off                ; Off                ;
; Number of Removed Registers Reported in Synthesis Report         ; 5000               ; 5000               ;
; Number of Swept Nodes Reported in Synthesis Report               ; 5000               ; 5000               ;
; Number of Inverted Registers Reported in Synthesis Report        ; 100                ; 100                ;
; Clock MUX Protection                                             ; On                 ; On                 ;
; Auto Gated Clock Conversion                                      ; Off                ; Off                ;
; Block Design Naming                                              ; Auto               ; Auto               ;
; SDC constraint protection                                        ; Off                ; Off                ;
; Synthesis Effort                                                 ; Auto               ; Auto               ;
; Shift Register Replacement - Allow Asynchronous Clear Signal     ; On                 ; On                 ;
; Pre-Mapping Resynthesis Optimization                             ; Off                ; Off                ;
; Analysis & Synthesis Message Level                               ; Medium             ; Medium             ;
; Disable Register Merging Across Hierarchies                      ; Auto               ; Auto               ;
; Resource Aware Inference For Block RAM                           ; On                 ; On                 ;
+------------------------------------------------------------------+--------------------+--------------------+


+-----------------------------------------------------------------------------------------------------------------------+
; Port Connectivity Checks: "UART_RX:UART_RX_INST"                                                                      ;
+-------------+--------+----------+-------------------------------------------------------------------------------------+
; Port        ; Type   ; Severity ; Details                                                                             ;
+-------------+--------+----------+-------------------------------------------------------------------------------------+
; i_RX_Serial ; Input  ; Info     ; Stuck at VCC                                                                        ;
; o_RX_DV     ; Output ; Info     ; Explicitly unconnected                                                              ;
; o_RX_Byte   ; Output ; Info     ; Connected to dangling logic. Logic that only feeds a dangling port will be removed. ;
+-------------+--------+----------+-------------------------------------------------------------------------------------+


+---------------------------------+
; Analysis & Elaboration Messages ;
+---------------------------------+
Info: *******************************************************************
Info: Running Quartus Prime Analysis & Elaboration
    Info: Version 22.1std.1 Build 917 02/14/2023 SC Lite Edition
    Info: Processing started: Thu Jun  1 11:15:38 2023
Info: Command: quartus_map --read_settings_files=on --write_settings_files=off EN2111_lab4 -c EN2111_lab4 --analysis_and_elaboration
Warning (18236): Number of processors has not been specified which may cause overloading on shared machines.  Set the global assignment NUM_PARALLEL_PROCESSORS in your QSF to an appropriate value for best performance.
Info (20030): Parallel compilation is enabled and will use 16 of the 16 processors detected
Info (12021): Found 1 design units, including 1 entities, in source file uart_rx.v
    Info (12023): Found entity 1: UART_RX File: D:/EN2111-UART-Transceiver/UART_RX.v Line: 14
Info (12021): Found 1 design units, including 1 entities, in source file uart_rx_tb.v
    Info (12023): Found entity 1: UART_RX_TB File: D:/EN2111-UART-Transceiver/UART_RX_TB.v Line: 9
Warning (10222): Verilog HDL Parameter Declaration warning at UART_RX.v(23): Parameter Declaration in module "UART_RX" behaves as a Local Parameter Declaration because the module has a Module Parameter Port List File: D:/EN2111-UART-Transceiver/UART_RX.v Line: 23
Warning (10222): Verilog HDL Parameter Declaration warning at UART_RX.v(24): Parameter Declaration in module "UART_RX" behaves as a Local Parameter Declaration because the module has a Module Parameter Port List File: D:/EN2111-UART-Transceiver/UART_RX.v Line: 24
Warning (10222): Verilog HDL Parameter Declaration warning at UART_RX.v(25): Parameter Declaration in module "UART_RX" behaves as a Local Parameter Declaration because the module has a Module Parameter Port List File: D:/EN2111-UART-Transceiver/UART_RX.v Line: 25
Warning (10222): Verilog HDL Parameter Declaration warning at UART_RX.v(26): Parameter Declaration in module "UART_RX" behaves as a Local Parameter Declaration because the module has a Module Parameter Port List File: D:/EN2111-UART-Transceiver/UART_RX.v Line: 26
Warning (10222): Verilog HDL Parameter Declaration warning at UART_RX.v(27): Parameter Declaration in module "UART_RX" behaves as a Local Parameter Declaration because the module has a Module Parameter Port List File: D:/EN2111-UART-Transceiver/UART_RX.v Line: 27
Info (12127): Elaborating entity "UART_RX_TB" for the top level hierarchy
Warning (10755): Verilog HDL warning at UART_RX_TB.v(56): assignments to r_Clock create a combinational loop File: D:/EN2111-UART-Transceiver/UART_RX_TB.v Line: 56
Info (10648): Verilog HDL Display System Task info at UART_RX_TB.v(69): Test Passed - Correct Byte Received File: D:/EN2111-UART-Transceiver/UART_RX_TB.v Line: 69
Info (10648): Verilog HDL Display System Task info at UART_RX_TB.v(71): Test Failed - Incorrect Byte Received File: D:/EN2111-UART-Transceiver/UART_RX_TB.v Line: 71
Warning (10175): Verilog HDL warning at UART_RX_TB.v(72): ignoring unsupported system task File: D:/EN2111-UART-Transceiver/UART_RX_TB.v Line: 72
Warning (10175): Verilog HDL warning at UART_RX_TB.v(78): ignoring unsupported system task File: D:/EN2111-UART-Transceiver/UART_RX_TB.v Line: 78
Warning (10175): Verilog HDL warning at UART_RX_TB.v(79): ignoring unsupported system task File: D:/EN2111-UART-Transceiver/UART_RX_TB.v Line: 79
Info (12128): Elaborating entity "UART_RX" for hierarchy "UART_RX:UART_RX_INST" File: D:/EN2111-UART-Transceiver/UART_RX_TB.v Line: 53
Warning (10230): Verilog HDL assignment warning at UART_RX.v(68): truncated value with size 32 to match size of target (8) File: D:/EN2111-UART-Transceiver/UART_RX.v Line: 68
Warning (10230): Verilog HDL assignment warning at UART_RX.v(79): truncated value with size 32 to match size of target (8) File: D:/EN2111-UART-Transceiver/UART_RX.v Line: 79
Warning (10230): Verilog HDL assignment warning at UART_RX.v(90): truncated value with size 32 to match size of target (3) File: D:/EN2111-UART-Transceiver/UART_RX.v Line: 90
Warning (10230): Verilog HDL assignment warning at UART_RX.v(108): truncated value with size 32 to match size of target (8) File: D:/EN2111-UART-Transceiver/UART_RX.v Line: 108
Info: Quartus Prime Analysis & Elaboration was successful. 0 errors, 14 warnings
    Info: Peak virtual memory: 4715 megabytes
    Info: Processing ended: Thu Jun  1 11:15:45 2023
    Info: Elapsed time: 00:00:07
    Info: Total CPU time (on all processors): 00:00:19


